<?xml version="1.0" encoding="UTF-8" ?>
<beans xmlns="http://www.springframework.org/schema/beans"
       xmlns:xsi="http://www.w3.org/2001/XMLSchema-instance"
       xsi:schemaLocation="http://www.springframework.org/schema/beans http://www.springframework.org/schema/beans/spring-beans.xsd">
    <bean id="testBean" class="com.github.zhgxun.learn.common.bean.TestBean">
        <!-- 指定构造方法参数, 作为默认值 -->
        <property name="id" value="100"/>
        <property name="name" value="李四"/>
        <property name="age" value="20"/>
    </bean>
</beans>